[2022-03-06 05:00:23] [TestRunRegistrar.java] [1] [WARN] Reporting disabled: using no op test run registrar
[2022-03-06 05:00:23] [IMessager.java] [1] [INFO] TEST [Carina-demo - verifyCanLogOut] STARTED at [17:00:23 2022-03-06]
[2022-03-06 05:00:24] [IMessager.java] [132] [INFO] INFO: opening url 'https://www.demoblaze.com/'
[2022-03-06 05:00:26] [DriverListener.java] [132] [INFO] URL 'https://www.demoblaze.com/' opened
[2022-03-06 05:00:26] [DriverListener.java] [1] [INFO] PASS: element 'loginButton' is clicked.
[2022-03-06 05:00:27] [DriverListener.java] [1] [INFO] PASS: element 'modal_usernameInput' is clicked.
[2022-03-06 05:00:28] [DriverListener.java] [1] [INFO] PASS: keys cleared in element 'modal_usernameInput'.
[2022-03-06 05:00:28] [DriverListener.java] [1] [INFO] PASS: keys 'jeremias' are sent to element 'modal_usernameInput'.
[2022-03-06 05:00:29] [DriverListener.java] [1] [INFO] PASS: element 'modal_passwordInput' is clicked.
[2022-03-06 05:00:29] [DriverListener.java] [1] [INFO] PASS: keys cleared in element 'modal_passwordInput'.
[2022-03-06 05:00:30] [DriverListener.java] [1] [INFO] PASS: keys 'bertoldi' are sent to element 'modal_passwordInput'.
[2022-03-06 05:00:31] [DriverListener.java] [1] [INFO] PASS: element 'modal_logInButton' is clicked.
[2022-03-06 05:00:33] [DriverListener.java] [1] [INFO] PASS: element 'logOut' is clicked.
[2022-03-06 05:00:36] [IMessager.java] [1] [ERROR] TEST [Carina-demo - verifyCanLogOut] FAILED at [17:00:36 2022-03-06] - FATAL!, not same expected [false] but found [true]

org.testng.Assert.fail(Assert.java:99)
org.testng.Assert.failNotEquals(Assert.java:1037)
org.testng.Assert.assertEqualsImpl(Assert.java:140)
org.testng.Assert.assertEquals(Assert.java:122)
org.testng.Assert.assertEquals(Assert.java:819)
com.solvd.qa.carina.demo.demoblaze.test.DemoBlazeTest.verifyCanLogOut(DemoBlazeTest.java:68)
java.base/jdk.internal.reflect.NativeMethodAccessorImpl.invoke0(Native Method)
java.base/jdk.internal.reflect.NativeMethodAccessorImpl.invoke(NativeMethodAccessorImpl.java:62)
java.base/jdk.internal.reflect.DelegatingMethodAccessorImpl.invoke(DelegatingMethodAccessorImpl.java:43)
java.base/java.lang.reflect.Method.invoke(Method.java:566)
org.testng.internal.MethodInvocationHelper.invokeMethod(MethodInvocationHelper.java:133)
org.testng.internal.TestInvoker.invokeMethod(TestInvoker.java:598)
org.testng.internal.TestInvoker.invokeTestMethod(TestInvoker.java:173)
org.testng.internal.MethodRunner.runInSequence(MethodRunner.java:46)
org.testng.internal.TestInvoker$MethodInvocationAgent.invoke(TestInvoker.java:824)
org.testng.internal.TestInvoker.invokeTestMethods(TestInvoker.java:146)
org.testng.internal.TestMethodWorker.invokeTestMethods(TestMethodWorker.java:146)
org.testng.internal.TestMethodWorker.run(TestMethodWorker.java:128)
java.base/java.util.ArrayList.forEach(ArrayList.java:1541)
org.testng.TestRunner.privateRun(TestRunner.java:794)
org.testng.TestRunner.run(TestRunner.java:596)
org.testng.SuiteRunner.runTest(SuiteRunner.java:377)
org.testng.SuiteRunner.runSequentially(SuiteRunner.java:371)
org.testng.SuiteRunner.privateRun(SuiteRunner.java:332)
org.testng.SuiteRunner.run(SuiteRunner.java:276)
org.testng.SuiteRunnerWorker.runSuite(SuiteRunnerWorker.java:53)
org.testng.SuiteRunnerWorker.run(SuiteRunnerWorker.java:96)
org.testng.TestNG.runSuitesSequentially(TestNG.java:1212)
org.testng.TestNG.runSuitesLocally(TestNG.java:1134)
org.testng.TestNG.runSuites(TestNG.java:1063)
org.testng.TestNG.run(TestNG.java:1031)
com.intellij.rt.testng.IDEARemoteTestNG.run(IDEARemoteTestNG.java:66)
com.intellij.rt.testng.RemoteTestNGStarter.main(RemoteTestNGStarter.java:109)
