[2022-03-06 04:59:43] [TestRunRegistrar.java] [1] [WARN] Reporting disabled: using no op test run registrar
[2022-03-06 04:59:43] [IMessager.java] [1] [INFO] TEST [Carina-demo - verifyCanDeleteProduct] STARTED at [16:59:43 2022-03-06]
[2022-03-06 04:59:44] [IMessager.java] [111] [INFO] INFO: opening url 'https://www.demoblaze.com/'
[2022-03-06 04:59:46] [DriverListener.java] [111] [INFO] URL 'https://www.demoblaze.com/' opened
[2022-03-06 04:59:47] [DriverListener.java] [1] [INFO] PASS: element 'productName' is clicked.
[2022-03-06 04:59:48] [DriverListener.java] [1] [INFO] PASS: element 'addToCartButton' is clicked.
[2022-03-06 04:59:48] [DriverListener.java] [1] [INFO] Alert accepted
[2022-03-06 04:59:50] [DriverListener.java] [1] [INFO] PASS: element 'cartButton' is clicked.
[2022-03-06 04:59:51] [DriverListener.java] [1] [INFO] PASS: element 'deleteButton' is clicked.
[2022-03-06 05:00:11] [ExtendedWebElement.java] [1] [ERROR] FAIL: get_text - waitCondition for element 'productName (By.xpath: (//td)[2])' not satisfied!
[2022-03-06 05:00:12] [IMessager.java] [1] [ERROR] TEST [Carina-demo - verifyCanDeleteProduct] FAILED at [17:00:12 2022-03-06] - no such element: Unable to locate element: {"method":"xpath","selector":"(//td)[2]"}
  (Session info: chrome=99.0.4844.51)
For documentation on this error, please visit: https://www.seleniumhq.org/exceptions/no_such_element.html
Build info: version: '3.141.59', revision: 'e82be7d358', time: '2018-11-14T08:17:03'
System info: host: 'MacBook-Pro-de-Jeremias.local', ip: 'fe80:0:0:0:1c28:ccdf:a20d:249c%en0', os.name: 'Mac OS X', os.arch: 'x86_64', os.version: '12.2.1', java.version: '11.0.14'
Driver info: org.openqa.selenium.remote.RemoteWebDriver
Capabilities {acceptInsecureCerts: true, browserName: chrome, browserVersion: 99.0.4844.51, chrome: {chromedriverVersion: 98.0.4758.80 (7f0488e8ba0d8..., userDataDir: /var/folders/sx/5fpg4v6n5n9...}, goog:chromeOptions: {debuggerAddress: localhost:53067}, javascriptEnabled: true, networkConnectionEnabled: false, pageLoadStrategy: normal, platform: MAC, platformName: MAC, proxy: Proxy(), setWindowRect: true, strictFileInteractability: false, timeouts: {implicit: 0, pageLoad: 300000, script: 30000}, unhandledPromptBehavior: dismiss and notify, webauthn:extension:credBlob: true, webauthn:extension:largeBlob: true, webauthn:virtualAuthenticators: true}
Session ID: a64395a58e32326b3d6e58e8417e6e51
*** Element info: {Using=xpath, value=(//td)[2]}

jdk.internal.reflect.GeneratedConstructorAccessor22.newInstance(Unknown Source)
java.base/jdk.internal.reflect.DelegatingConstructorAccessorImpl.newInstance(DelegatingConstructorAccessorImpl.java:45)
java.base/java.lang.reflect.Constructor.newInstance(Constructor.java:490)
org.openqa.selenium.remote.http.W3CHttpResponseCodec.createException(W3CHttpResponseCodec.java:187)
org.openqa.selenium.remote.http.W3CHttpResponseCodec.decode(W3CHttpResponseCodec.java:122)
org.openqa.selenium.remote.http.W3CHttpResponseCodec.decode(W3CHttpResponseCodec.java:49)
org.openqa.selenium.remote.HttpCommandExecutor.execute(HttpCommandExecutor.java:158)
com.qaprosoft.carina.core.foundation.webdriver.listener.EventFiringSeleniumCommandExecutor.execute(EventFiringSeleniumCommandExecutor.java:50)
org.openqa.selenium.remote.RemoteWebDriver.execute(RemoteWebDriver.java:552)
org.openqa.selenium.remote.RemoteWebDriver.findElement(RemoteWebDriver.java:323)
org.openqa.selenium.remote.RemoteWebDriver.findElementByXPath$original$hWUfVAhA(RemoteWebDriver.java:428)
org.openqa.selenium.remote.RemoteWebDriver.findElementByXPath$original$hWUfVAhA$accessor$mDJZkFTQ(RemoteWebDriver.java)
org.openqa.selenium.remote.RemoteWebDriver$auxiliary$SGrlJRl7.call(Unknown Source)
com.zebrunner.agent.core.webdriver.PublicMethodInvocationInterceptor.onPublicMethodInvocation(PublicMethodInvocationInterceptor.java:18)
org.openqa.selenium.remote.RemoteWebDriver.findElementByXPath(RemoteWebDriver.java)
org.openqa.selenium.By$ByXPath.findElement(By.java:353)
org.openqa.selenium.remote.RemoteWebDriver.findElement$original$hWUfVAhA(RemoteWebDriver.java:315)
org.openqa.selenium.remote.RemoteWebDriver.findElement$original$hWUfVAhA$accessor$mDJZkFTQ(RemoteWebDriver.java)
org.openqa.selenium.remote.RemoteWebDriver$auxiliary$STAl8Rnr.call(Unknown Source)
com.zebrunner.agent.core.webdriver.PublicMethodInvocationInterceptor.onPublicMethodInvocation(PublicMethodInvocationInterceptor.java:18)
org.openqa.selenium.remote.RemoteWebDriver.findElement(RemoteWebDriver.java)
jdk.internal.reflect.GeneratedMethodAccessor15.invoke(Unknown Source)
java.base/jdk.internal.reflect.DelegatingMethodAccessorImpl.invoke(DelegatingMethodAccessorImpl.java:43)
java.base/java.lang.reflect.Method.invoke(Method.java:566)
org.openqa.selenium.support.events.EventFiringWebDriver.lambda$new$1(EventFiringWebDriver.java:105)
com.sun.proxy.$Proxy18.findElement(Unknown Source)
org.openqa.selenium.support.events.EventFiringWebDriver.findElement(EventFiringWebDriver.java:194)
com.qaprosoft.carina.core.foundation.webdriver.locator.ExtendedElementLocator.findElement(ExtendedElementLocator.java:91)
org.openqa.selenium.support.pagefactory.internal.LocatingElementHandler.invoke(LocatingElementHandler.java:38)
com.sun.proxy.$Proxy21.getText(Unknown Source)
com.qaprosoft.carina.core.foundation.webdriver.decorator.ExtendedWebElement$1.doGetText(ExtendedWebElement.java:1475)
com.qaprosoft.carina.core.foundation.webdriver.decorator.ExtendedWebElement.executeAction(ExtendedWebElement.java:1267)
com.qaprosoft.carina.core.foundation.webdriver.decorator.ExtendedWebElement.overrideAction(ExtendedWebElement.java:1376)
com.qaprosoft.carina.core.foundation.webdriver.decorator.ExtendedWebElement.doAction(ExtendedWebElement.java:1361)
com.qaprosoft.carina.core.foundation.webdriver.decorator.ExtendedWebElement.doAction(ExtendedWebElement.java:1339)
com.qaprosoft.carina.core.foundation.webdriver.decorator.ExtendedWebElement.getText(ExtendedWebElement.java:403)
com.solvd.qa.pages.demoblaze.CartPage.getProduct(CartPage.java:28)
com.solvd.qa.carina.demo.demoblaze.services.IProductDetailService.canDeleteProduct(IProductDetailService.java:34)
com.solvd.qa.carina.demo.demoblaze.test.DemoBlazeTest.verifyCanDeleteProduct(DemoBlazeTest.java:161)
java.base/jdk.internal.reflect.NativeMethodAccessorImpl.invoke0(Native Method)
java.base/jdk.internal.reflect.NativeMethodAccessorImpl.invoke(NativeMethodAccessorImpl.java:62)
java.base/jdk.internal.reflect.DelegatingMethodAccessorImpl.invoke(DelegatingMethodAccessorImpl.java:43)
java.base/java.lang.reflect.Method.invoke(Method.java:566)
org.testng.internal.MethodInvocationHelper.invokeMethod(MethodInvocationHelper.java:133)
org.testng.internal.TestInvoker.invokeMethod(TestInvoker.java:598)
org.testng.internal.TestInvoker.invokeTestMethod(TestInvoker.java:173)
org.testng.internal.MethodRunner.runInSequence(MethodRunner.java:46)
org.testng.internal.TestInvoker$MethodInvocationAgent.invoke(TestInvoker.java:824)
org.testng.internal.TestInvoker.invokeTestMethods(TestInvoker.java:146)
org.testng.internal.TestMethodWorker.invokeTestMethods(TestMethodWorker.java:146)
org.testng.internal.TestMethodWorker.run(TestMethodWorker.java:128)
java.base/java.util.ArrayList.forEach(ArrayList.java:1541)
org.testng.TestRunner.privateRun(TestRunner.java:794)
org.testng.TestRunner.run(TestRunner.java:596)
org.testng.SuiteRunner.runTest(SuiteRunner.java:377)
org.testng.SuiteRunner.runSequentially(SuiteRunner.java:371)
org.testng.SuiteRunner.privateRun(SuiteRunner.java:332)
org.testng.SuiteRunner.run(SuiteRunner.java:276)
org.testng.SuiteRunnerWorker.runSuite(SuiteRunnerWorker.java:53)
org.testng.SuiteRunnerWorker.run(SuiteRunnerWorker.java:96)
org.testng.TestNG.runSuitesSequentially(TestNG.java:1212)
org.testng.TestNG.runSuitesLocally(TestNG.java:1134)
org.testng.TestNG.runSuites(TestNG.java:1063)
org.testng.TestNG.run(TestNG.java:1031)
com.intellij.rt.testng.IDEARemoteTestNG.run(IDEARemoteTestNG.java:66)
com.intellij.rt.testng.RemoteTestNGStarter.main(RemoteTestNGStarter.java:109)
