[2022-02-21 07:39:04] [TestRunRegistrar.java] [1] [WARN] Reporting disabled: using no op test run registrar
[2022-02-21 07:39:04] [IMessager.java] [1] [INFO] TEST [Carina-demo - VerifyCanEnterUsernameAndPasswordTest] STARTED at [19:39:04 2022-02-21]
[2022-02-21 07:39:06] [IMessager.java] [23] [INFO] INFO: opening url 'https://www.demoblaze.com/'
[2022-02-21 07:39:07] [DriverListener.java] [23] [INFO] URL 'https://www.demoblaze.com/' opened
[2022-02-21 07:39:07] [DriverListener.java] [1] [INFO] PASS: element 'signUpButton' is clicked.
[2022-02-21 07:39:08] [DriverListener.java] [1] [INFO] PASS: element 'signUpUsernameInputField' is clicked.
[2022-02-21 07:39:08] [DriverListener.java] [1] [INFO] PASS: keys cleared in element 'signUpUsernameInputField'.
[2022-02-21 07:39:09] [DriverListener.java] [1] [INFO] PASS: keys 'chavito33' are sent to element 'signUpUsernameInputField'.
[2022-02-21 07:39:09] [DriverListener.java] [1] [INFO] PASS: element 'signUpPasswordInputField' is clicked.
[2022-02-21 07:39:09] [DriverListener.java] [1] [INFO] PASS: keys cleared in element 'signUpPasswordInputField'.
[2022-02-21 07:39:10] [DriverListener.java] [1] [INFO] PASS: keys 'chavito33' are sent to element 'signUpPasswordInputField'.
[2022-02-21 07:39:10] [DriverListener.java] [1] [INFO] PASS: element 'signUpModalButton' is clicked.
[2022-02-21 07:39:12] [IMessager.java] [1] [ERROR] TEST [Carina-demo - VerifyCanEnterUsernameAndPasswordTest] FAILED at [19:39:12 2022-02-21] - FATAL, not same expected [Sign up successful.] but found [This user already exist.]

org.testng.Assert.fail(Assert.java:99)
org.testng.Assert.failNotEquals(Assert.java:1037)
org.testng.Assert.assertEqualsImpl(Assert.java:140)
org.testng.Assert.assertEquals(Assert.java:122)
org.testng.Assert.assertEquals(Assert.java:629)
com.solvd.qa.carina.demo.demoblaze.test.DemoBlazeTest.VerifyCanEnterUsernameAndPasswordTest(DemoBlazeTest.java:34)
java.base/jdk.internal.reflect.NativeMethodAccessorImpl.invoke0(Native Method)
java.base/jdk.internal.reflect.NativeMethodAccessorImpl.invoke(NativeMethodAccessorImpl.java:62)
java.base/jdk.internal.reflect.DelegatingMethodAccessorImpl.invoke(DelegatingMethodAccessorImpl.java:43)
java.base/java.lang.reflect.Method.invoke(Method.java:567)
org.testng.internal.MethodInvocationHelper.invokeMethod(MethodInvocationHelper.java:133)
org.testng.internal.TestInvoker.invokeMethod(TestInvoker.java:598)
org.testng.internal.TestInvoker.invokeTestMethod(TestInvoker.java:173)
org.testng.internal.MethodRunner.runInSequence(MethodRunner.java:46)
org.testng.internal.TestInvoker$MethodInvocationAgent.invoke(TestInvoker.java:824)
org.testng.internal.TestInvoker.invokeTestMethods(TestInvoker.java:146)
org.testng.internal.TestMethodWorker.invokeTestMethods(TestMethodWorker.java:146)
org.testng.internal.TestMethodWorker.run(TestMethodWorker.java:128)
java.base/java.util.ArrayList.forEach(ArrayList.java:1507)
org.testng.TestRunner.privateRun(TestRunner.java:794)
org.testng.TestRunner.run(TestRunner.java:596)
org.testng.SuiteRunner.runTest(SuiteRunner.java:377)
org.testng.SuiteRunner.runSequentially(SuiteRunner.java:371)
org.testng.SuiteRunner.privateRun(SuiteRunner.java:332)
org.testng.SuiteRunner.run(SuiteRunner.java:276)
org.testng.SuiteRunnerWorker.runSuite(SuiteRunnerWorker.java:53)
org.testng.SuiteRunnerWorker.run(SuiteRunnerWorker.java:96)
org.testng.TestNG.runSuitesSequentially(TestNG.java:1212)
org.testng.TestNG.runSuitesLocally(TestNG.java:1134)
org.testng.TestNG.runSuites(TestNG.java:1063)
org.testng.TestNG.run(TestNG.java:1031)
com.intellij.rt.testng.IDEARemoteTestNG.run(IDEARemoteTestNG.java:66)
com.intellij.rt.testng.RemoteTestNGStarter.main(RemoteTestNGStarter.java:109)
